<?xml version="1.0" encoding="UTF-8"?>
<!-- Generated by org.testng.reporters.JUnitReportReporter -->
<testsuite skipped="0" hostname="CDC2-L-025418W" name="testNG_Examples.AnnotationsHierarchyExample" tests="2" failures="0" timestamp="02 Jan 2021 13:19:26 GMT" time="0.012" errors="0">
  <testcase name="test2" time="0.004" classname="testNG_Examples.AnnotationsHierarchyExample"/>
  <testcase name="test1" time="0.008" classname="testNG_Examples.AnnotationsHierarchyExample"/>
</testsuite> <!-- testNG_Examples.AnnotationsHierarchyExample -->
