<?xml version="1.0" encoding="UTF-8"?>
<!-- Generated by org.testng.reporters.JUnitReportReporter -->
<testsuite skipped="0" hostname="CDC2-L-025418W" name="InterviewQuestions.HandleExceptionsinTestNG" tests="1" failures="0" timestamp="03 Jan 2021 17:54:29 GMT" time="2.030" errors="0">
  <testcase name="testCase" time="2.030" classname="InterviewQuestions.HandleExceptionsinTestNG"/>
</testsuite> <!-- InterviewQuestions.HandleExceptionsinTestNG -->
