<?xml version="1.0" encoding="UTF-8"?>
<!-- Generated by org.testng.reporters.JUnitReportReporter -->
<testsuite skipped="0" hostname="CDC2-L-025418W" name="testNG_Examples.AnnotationsHierarchyExample" tests="2" failures="0" timestamp="24 Jan 2021 11:34:27 GMT" time="0.024" errors="0">
  <testcase name="test2" time="0.005" classname="testNG_Examples.AnnotationsHierarchyExample"/>
  <testcase name="test1" time="0.019" classname="testNG_Examples.AnnotationsHierarchyExample"/>
</testsuite> <!-- testNG_Examples.AnnotationsHierarchyExample -->
