<?xml version="1.0" encoding="UTF-8"?>
<!-- Generated by org.testng.reporters.JUnitReportReporter -->
<testsuite skipped="0" hostname="CDC2-L-025418W" name="testNG_Examples.ParallelTesting" tests="2" failures="0" timestamp="02 Jan 2021 12:12:21 GMT" time="22.184" errors="0">
  <testcase name="getBing" time="10.532" classname="testNG_Examples.ParallelTesting"/>
  <testcase name="getGoogle" time="11.652" classname="testNG_Examples.ParallelTesting"/>
</testsuite> <!-- testNG_Examples.ParallelTesting -->
