<?xml version="1.0" encoding="UTF-8"?>
<!-- Generated by org.testng.reporters.JUnitReportReporter -->
<testsuite skipped="0" hostname="CDC2-L-025418W" name="testNG_Examples.PriorityExample" tests="4" failures="0" timestamp="17 Jan 2021 12:18:05 GMT" time="0.026" errors="0">
  <testcase name="putFirstGear" time="0.019" classname="testNG_Examples.PriorityExample"/>
  <testcase name="putThirdGear" time="0.003" classname="testNG_Examples.PriorityExample"/>
  <testcase name="startEngine" time="0.002" classname="testNG_Examples.PriorityExample"/>
  <testcase name="putSecondGear" time="0.002" classname="testNG_Examples.PriorityExample"/>
</testsuite> <!-- testNG_Examples.PriorityExample -->
