<?xml version="1.0" encoding="UTF-8"?>
<!-- Generated by org.testng.reporters.JUnitReportReporter -->
<testsuite skipped="0" hostname="CDC2-L-025418W" name="testNG_Examples.SkipTestCaseExample" tests="5" failures="0" timestamp="02 Jan 2021 10:50:53 GMT" time="0.009" errors="0">
  <testcase name="startEngine" time="0.002" classname="testNG_Examples.SkipTestCaseExample"/>
  <testcase name="turnOnMusic" time="0.001" classname="testNG_Examples.SkipTestCaseExample"/>
  <testcase name="putFirstGear" time="0.002" classname="testNG_Examples.SkipTestCaseExample"/>
  <testcase name="putSecondGear" time="0.002" classname="testNG_Examples.SkipTestCaseExample"/>
  <testcase name="putThirdGear" time="0.002" classname="testNG_Examples.SkipTestCaseExample"/>
</testsuite> <!-- testNG_Examples.SkipTestCaseExample -->
