<?xml version="1.0" encoding="UTF-8"?>
<!-- Generated by org.testng.reporters.JUnitReportReporter -->
<testsuite skipped="0" hostname="CDC2-L-025418W" name="testNG_Examples.SuitExample" tests="3" failures="0" timestamp="02 Jan 2021 10:50:53 GMT" time="13.410" errors="0">
  <testcase name="OpenGoogle" time="2.544" classname="testNG_Examples.SuitExample"/>
  <testcase name="OpenYahoo" time="10.226" classname="testNG_Examples.SuitExample"/>
  <testcase name="OpenBing" time="0.640" classname="testNG_Examples.SuitExample"/>
</testsuite> <!-- testNG_Examples.SuitExample -->
