<?xml version="1.0" encoding="UTF-8"?>
<!-- Generated by org.testng.reporters.JUnitReportReporter -->
<testsuite skipped="0" hostname="CDC2-L-025418W" name="testNG_Examples.ParameterizationExample" tests="2" failures="0" timestamp="02 Jan 2021 12:04:32 GMT" time="0.015" errors="0">
  <testcase name="printName" time="0.013" classname="testNG_Examples.ParameterizationExample"/>
  <testcase name="printTwoName" time="0.002" classname="testNG_Examples.ParameterizationExample"/>
</testsuite> <!-- testNG_Examples.ParameterizationExample -->
