<?xml version="1.0" encoding="UTF-8"?>
<!-- Generated by org.testng.reporters.JUnitReportReporter -->
<testsuite skipped="0" hostname="CDC2-L-025418W" name="testNG_Examples.GroupingExample" tests="8" failures="0" timestamp="05 Jan 2021 02:41:14 GMT" time="0.045" errors="0">
  <testcase name="apple1" time="0.003" classname="testNG_Examples.GroupingExample"/>
  <testcase name="Redmi1" time="0.002" classname="testNG_Examples.GroupingExample"/>
  <testcase name="apple2" time="0.003" classname="testNG_Examples.GroupingExample"/>
  <testcase name="Nokia2" time="0.004" classname="testNG_Examples.GroupingExample"/>
  <testcase name="Nokia1" time="0.022" classname="testNG_Examples.GroupingExample"/>
  <testcase name="OnePlus1" time="0.005" classname="testNG_Examples.GroupingExample"/>
  <testcase name="Redmi2" time="0.003" classname="testNG_Examples.GroupingExample"/>
  <testcase name="OnePlus2" time="0.003" classname="testNG_Examples.GroupingExample"/>
</testsuite> <!-- testNG_Examples.GroupingExample -->
