<?xml version="1.0" encoding="UTF-8"?>
<!-- Generated by org.testng.reporters.JUnitReportReporter -->
<testsuite skipped="1" hostname="CDC2-L-025418W" name="InterviewQuestions.AssertVsVerify" tests="2" failures="0" timestamp="03 Jan 2021 17:05:33 GMT" time="0.027" errors="0">
  <testcase name="assertVerify" time="0.027" classname="InterviewQuestions.AssertVsVerify"/>
  <testcase name="assertTest" classname="InterviewQuestions.AssertVsVerify">
    <skipped/>
  </testcase> <!-- assertTest -->
</testsuite> <!-- InterviewQuestions.AssertVsVerify -->
