<?xml version="1.0" encoding="UTF-8"?>
<!-- Generated by org.testng.reporters.JUnitReportReporter -->
<testsuite skipped="0" hostname="CDC2-L-025418W" name="InterviewQuestions.TestMultipleTimes" tests="3" failures="0" timestamp="03 Jan 2021 17:45:00 GMT" time="0.023" errors="0">
  <testcase name="testCase" time="0.019" classname="InterviewQuestions.TestMultipleTimes"/>
  <testcase name="testCase" time="0.002" classname="InterviewQuestions.TestMultipleTimes"/>
  <testcase name="testCase" time="0.002" classname="InterviewQuestions.TestMultipleTimes"/>
</testsuite> <!-- InterviewQuestions.TestMultipleTimes -->
