<?xml version="1.0" encoding="UTF-8"?>
<!-- Generated by org.testng.reporters.JUnitReportReporter -->
<testsuite skipped="0" hostname="CDC2-L-025418W" name="testNG_Examples.DependenciesExample" tests="3" failures="0" timestamp="05 Jan 2021 02:28:16 GMT" time="0.019" errors="0">
  <testcase name="findAGirlAndFallInLove" time="0.016" classname="testNG_Examples.DependenciesExample"/>
  <testcase name="getMarried" time="0.001" classname="testNG_Examples.DependenciesExample"/>
  <testcase name="haveKids" time="0.002" classname="testNG_Examples.DependenciesExample"/>
</testsuite> <!-- testNG_Examples.DependenciesExample -->
