<?xml version="1.0" encoding="UTF-8"?>
<!-- Generated by org.testng.reporters.JUnitReportReporter -->
<testsuite skipped="0" hostname="CDC2-L-025418W" name="testNG_Examples.GroupingExample" tests="4" failures="0" timestamp="02 Jan 2021 11:09:41 GMT" time="0.021" errors="0">
  <testcase name="Nokia2" time="0.002" classname="testNG_Examples.GroupingExample"/>
  <testcase name="OnePlus1" time="0.002" classname="testNG_Examples.GroupingExample"/>
  <testcase name="Nokia1" time="0.015" classname="testNG_Examples.GroupingExample"/>
  <testcase name="OnePlus2" time="0.002" classname="testNG_Examples.GroupingExample"/>
</testsuite> <!-- testNG_Examples.GroupingExample -->
