<?xml version="1.0" encoding="UTF-8"?>
<!-- Generated by org.testng.reporters.JUnitReportReporter -->
<testsuite skipped="0" hostname="CDC2-L-025418W" name="testNG_Examples.AssertionsExample" tests="1" failures="0" timestamp="02 Jan 2021 13:07:17 GMT" time="0.017" errors="0">
  <testcase name="firstTestCase" time="0.017" classname="testNG_Examples.AssertionsExample"/>
</testsuite> <!-- testNG_Examples.AssertionsExample -->
